<?xml version="1.0" encoding="UTF-8"?>
<testng-results ignored="0" total="2" passed="2" failed="0" skipped="0">
  <reporter-output>
  </reporter-output>
  <suite started-at="2024-04-04T16:32:12 ART" name="Surefire suite" finished-at="2024-04-04T16:32:48 ART" duration-ms="35949">
    <groups>
    </groups>
    <test started-at="2024-04-04T16:32:12 ART" name="Surefire test" finished-at="2024-04-04T16:32:48 ART" duration-ms="35949">
      <class name="com.hyr.Tests.FirstTest">
        <test-method signature="TestFacebook()[pri:0, instance:com.hyr.Tests.FirstTest@13c10b87]" started-at="2024-04-04T16:32:12 ART" name="TestFacebook" finished-at="2024-04-04T16:32:29 ART" duration-ms="16278" status="PASS">
          <reporter-output>
          </reporter-output>
        </test-method> <!-- TestFacebook -->
        <test-method signature="TestGoogle()[pri:0, instance:com.hyr.Tests.FirstTest@13c10b87]" started-at="2024-04-04T16:32:29 ART" name="TestGoogle" finished-at="2024-04-04T16:32:48 ART" duration-ms="19626" status="PASS">
          <reporter-output>
          </reporter-output>
        </test-method> <!-- TestGoogle -->
      </class> <!-- com.hyr.Tests.FirstTest -->
    </test> <!-- Surefire test -->
  </suite> <!-- Surefire suite -->
</testng-results>
